<?xml version="1.0" encoding="utf-8" standalone="no"?>
<test-run id="2" testcasecount="1" result="Passed" total="1" passed="1" failed="0" inconclusive="0" skipped="0" asserts="0" engine-version="3.8.0.0" clr-version="4.0.30319.42000" start-time="2018-07-18 02:31:14Z" end-time="2018-07-18 02:32:14Z" duration="60.740409">
  <command-line><![CDATA[nunit3-console.exe  C:\Users\ramon\source\repos\SeleniumGridTest\SeleniumGridTest\bin\Debug\SeleniumGridTest.dll]]></command-line>
  <test-suite type="Assembly" id="0-1002" name="SeleniumGridTest.dll" fullname="C:\Users\ramon\source\repos\SeleniumGridTest\SeleniumGridTest\bin\Debug\SeleniumGridTest.dll" runstate="Runnable" testcasecount="1" result="Passed" start-time="2018-07-18 02:31:15Z" end-time="2018-07-18 02:32:14Z" duration="59.650742" total="1" passed="1" failed="0" warnings="0" inconclusive="0" skipped="0" asserts="0">
    <environment framework-version="3.10.1.0" clr-version="4.0.30319.42000" os-version="Microsoft Windows NT 10.0.17134.0" platform="Win32NT" cwd="C:\Users\ramon\source\repos\SeleniumGridTest\packages\NUnit.ConsoleRunner.3.8.0\tools" machine-name="DESKTOP-OP7L43M" user="ramon" user-domain="DESKTOP-OP7L43M" culture="pt-BR" uiculture="pt-BR" os-architecture="x64" />
    <settings>
      <setting name="DisposeRunners" value="True" />
      <setting name="WorkDirectory" value="C:\Users\ramon\source\repos\SeleniumGridTest\packages\NUnit.ConsoleRunner.3.8.0\tools" />
      <setting name="ImageRuntimeVersion" value="4.0.30319" />
      <setting name="ImageTargetFrameworkName" value=".NETFramework,Version=v4.6.1" />
      <setting name="ImageRequiresX86" value="False" />
      <setting name="ImageRequiresDefaultAppDomainAssemblyResolver" value="False" />
      <setting name="NumberOfTestWorkers" value="4" />
    </settings>
    <properties>
      <property name="_PID" value="5768" />
      <property name="_APPDOMAIN" value="domain-" />
    </properties>
    <test-suite type="TestSuite" id="0-1003" name="SeleniumGridTest" fullname="SeleniumGridTest" runstate="Runnable" testcasecount="1" result="Passed" start-time="2018-07-18 02:31:15Z" end-time="2018-07-18 02:32:14Z" duration="59.617204" total="1" passed="1" failed="0" warnings="0" inconclusive="0" skipped="0" asserts="0">
      <test-suite type="TestSuite" id="0-1004" name="Tests" fullname="SeleniumGridTest.Tests" runstate="Runnable" testcasecount="1" result="Passed" start-time="2018-07-18 02:31:15Z" end-time="2018-07-18 02:32:14Z" duration="59.616620" total="1" passed="1" failed="0" warnings="0" inconclusive="0" skipped="0" asserts="0">
        <test-suite type="TestFixture" id="0-1000" name="GoogleFindTest" fullname="SeleniumGridTest.Tests.GoogleFindTest" classname="SeleniumGridTest.Tests.GoogleFindTest" runstate="Runnable" testcasecount="1" result="Passed" start-time="2018-07-18 02:31:15Z" end-time="2018-07-18 02:32:14Z" duration="59.611384" total="1" passed="1" failed="0" warnings="0" inconclusive="0" skipped="0" asserts="0">
          <test-case id="0-1001" name="FindGooglePageSuccess" fullname="SeleniumGridTest.Tests.GoogleFindTest.FindGooglePageSuccess" methodname="FindGooglePageSuccess" classname="SeleniumGridTest.Tests.GoogleFindTest" runstate="Runnable" seed="511021606" result="Passed" start-time="2018-07-18 02:31:17Z" end-time="2018-07-18 02:32:12Z" duration="54.378540" asserts="0" />
        </test-suite>
      </test-suite>
    </test-suite>
  </test-suite>
</test-run>